  Using bundled DotNet SDK
  Log file: C:\Users\suvra\AppData\Local\UnrealBuildTool\Log.txt
  Using 'git status' to determine working set for adaptive non-unity build (D:\Unreal Engine Projects\ManVsMonsters).
  Parsing headers for ManVsMonstersEditor
    Running UnrealHeaderTool "D:\Unreal Engine Projects\ManVsMonsters\ManVsMonsters\ManVsMonsters.uproject" "D:\Unreal Engine Projects\ManVsMonsters\ManVsMonsters\Intermediate\Build\Win64\ManVsMonstersEditor\Development\ManVsMonstersEditor.uhtmanifest" -LogCmds="loginit warning, logexit warning, logdatabase error" -Unattended -WarningsAsErrors -abslog="C:\Users\suvra\AppData\Local\UnrealBuildTool\Log_UHT.txt" -installed
  Reflection code generated for ManVsMonstersEditor in 1.0985401 seconds
  Building ManVsMonstersEditor...
  Using Visual Studio 2019 14.29.30146 toolchain (C:\Program Files (x86)\Microsoft Visual Studio\2019\Community\VC\Tools\MSVC\14.29.30133) and Windows 10.0.18362.0 SDK (C:\Program Files (x86)\Windows Kits\10).
  Determining max actions to execute in parallel (16 physical cores, 32 logical cores)
    Executing up to 16 processes, one per physical core
  Building 10 actions with 10 processes...
  [1/10] Compile ManVsMonsters.init.gen.cpp
  [2/10] Compile BaseWeapon.gen.cpp
  [3/10] Compile Weapon.cpp
  [4/10] Compile Item.gen.cpp
  [5/10] Compile Weapon.gen.cpp
  [6/10] Compile Item.cpp
  [7/10] Compile BaseWeapon.cpp
  [8/10] Link UnrealEditor-ManVsMonsters-0010.lib
     Creating library D:\Unreal Engine Projects\ManVsMonsters\ManVsMonsters\Intermediate\Build\Win64\UnrealEditor\Development\ManVsMonsters\UnrealEditor-ManVsMonsters-0010.lib and object D:\Unreal Engine Projects\ManVsMonsters\ManVsMonsters\Intermediate\Build\Win64\UnrealEditor\Development\ManVsMonsters\UnrealEditor-ManVsMonsters-0010.exp
  [9/10] Link UnrealEditor-ManVsMonsters-0010.dll
     Creating library D:\Unreal Engine Projects\ManVsMonsters\ManVsMonsters\Intermediate\Build\Win64\UnrealEditor\Development\ManVsMonsters\UnrealEditor-ManVsMonsters-0010.suppressed.lib and object D:\Unreal Engine Projects\ManVsMonsters\ManVsMonsters\Intermediate\Build\Win64\UnrealEditor\Development\ManVsMonsters\UnrealEditor-ManVsMonsters-0010.suppressed.exp
  [10/10] WriteMetadata ManVsMonstersEditor.target
  Total time in Parallel executor: 10.22 seconds
  Total execution time: 12.04 seconds
